GAS LISTING /tmp/ccmYTDmg.s 			page 1


   1              		.file	"putil.c"
   2              		.text
   3              		.globl	max
   5              	max:
   6 0000 55       		pushl	%ebp
   7 0001 89E5     		movl	%esp, %ebp
   8 0003 8B550C   		movl	12(%ebp), %edx
   9 0006 8B4508   		movl	8(%ebp), %eax
  10 0009 39C2     		cmpl	%eax, %edx
  11 000b 0F4DC2   		cmovge	%edx, %eax
  12 000e 5D       		popl	%ebp
  13 000f C3       		ret
  15              		.globl	min
  17              	min:
  18 0010 55       		pushl	%ebp
  19 0011 89E5     		movl	%esp, %ebp
  20 0013 8B5508   		movl	8(%ebp), %edx
  21 0016 8B450C   		movl	12(%ebp), %eax
  22 0019 39C2     		cmpl	%eax, %edx
  23 001b 0F4EC2   		cmovle	%edx, %eax
  24 001e 5D       		popl	%ebp
  25 001f C3       		ret
  27              		.ident	"GCC: (GNU) 13.3.0"
  28              		.section	.note.GNU-stack,"",@progbits
GAS LISTING /tmp/ccmYTDmg.s 			page 2


DEFINED SYMBOLS
                            *ABS*:00000000 putil.c
     /tmp/ccmYTDmg.s:5      .text:00000000 max
     /tmp/ccmYTDmg.s:17     .text:00000010 min

NO UNDEFINED SYMBOLS
